# JRE version: Java(TM) SE Runtime Environment (22.0+36) (build 22+36-2370)
# Java VM: Java HotSpot(TM) 64-Bit Server VM (22+36-2370, mixed mode, emulated-client, sharing, tiered, compressed oops, compressed class ptrs, g1 gc, windows-amd64)
GC Precious Log:
 CardTable entry size: 512
 Card Set container configuration: InlinePtr #cards 4 size 8 Array Of Cards #cards 32 size 80 Howl #buckets 8 coarsen threshold 7372 Howl Bitmap #cards 1024 size 144 coarsen threshold 921 Card regions per heap region 1 cards per card region 8192
 CPUs: 12 total, 12 available
 Memory: 24280M
 Large Page Support: Disabled
 NUMA Support: Disabled
 Compressed Oops: Enabled (Zero based)
 Heap Region Size: 4M
 Heap Min Capacity: 8M
 Heap Initial Capacity: 380M
 Heap Max Capacity: 6072M
 Pre-touch: Disabled
 Parallel Workers: 10
 Concurrent Workers: 3
 Concurrent Refinement Workers: 10
 Periodic GC: Disabled
Heap:
 garbage-first heap   total reserved 6217728K, committed 77824K, used 29805K [0x0000000684800000, 0x0000000800000000)
  region size 4096K, 5 young (20480K), 2 survivors (8192K)
 Metaspace       used 48861K, committed 49856K, reserved 1114112K
  class space    used 6724K, committed 7168K, reserved 1048576K
GC Heap History (18 events):
Event: 0.402 GC heap before
{Heap before GC invocations=0 (full 0):
 garbage-first heap   total reserved 6217728K, committed 389120K, used 24576K [0x0000000684800000, 0x0000000800000000)
  region size 4096K, 6 young (24576K), 0 survivors (0K)
 Metaspace       used 4946K, committed 5120K, reserved 1114112K
  class space    used 675K, committed 768K, reserved 1048576K
}
Event: 0.406 GC heap after
{Heap after GC invocations=1 (full 0):
 garbage-first heap   total reserved 6217728K, committed 389120K, used 4857K [0x0000000684800000, 0x0000000800000000)
  region size 4096K, 1 young (4096K), 1 survivors (4096K)
 Metaspace       used 4946K, committed 5120K, reserved 1114112K
  class space    used 675K, committed 768K, reserved 1048576K
}
Event: 0.727 GC heap before
{Heap before GC invocations=1 (full 0):
 garbage-first heap   total reserved 6217728K, committed 389120K, used 33529K [0x0000000684800000, 0x0000000800000000)
  region size 4096K, 8 young (32768K), 1 survivors (4096K)
 Metaspace       used 11186K, committed 11584K, reserved 1114112K
  class space    used 1573K, committed 1728K, reserved 1048576K
}
Event: 0.731 GC heap after
{Heap after GC invocations=2 (full 0):
 garbage-first heap   total reserved 6217728K, committed 389120K, used 7739K [0x0000000684800000, 0x0000000800000000)
  region size 4096K, 1 young (4096K), 1 survivors (4096K)
 Metaspace       used 11186K, committed 11584K, reserved 1114112K
  class space    used 1573K, committed 1728K, reserved 1048576K
}
Event: 1.094 GC heap before
{Heap before GC invocations=2 (full 0):
 garbage-first heap   total reserved 6217728K, committed 389120K, used 44603K [0x0000000684800000, 0x0000000800000000)
  region size 4096K, 12 young (49152K), 1 survivors (4096K)
 Metaspace       used 16929K, committed 17344K, reserved 1114112K
  class space    used 2375K, committed 2560K, reserved 1048576K
}
Event: 1.097 GC heap after
{Heap after GC invocations=3 (full 0):
 garbage-first heap   total reserved 6217728K, committed 389120K, used 11763K [0x0000000684800000, 0x0000000800000000)
  region size 4096K, 2 young (8192K), 2 survivors (8192K)
 Metaspace       used 16929K, committed 17344K, reserved 1114112K
  class space    used 2375K, committed 2560K, reserved 1048576K
}
Event: 1.561 GC heap before
{Heap before GC invocations=4 (full 0):
 garbage-first heap   total reserved 6217728K, committed 57344K, used 52723K [0x0000000684800000, 0x0000000800000000)
  region size 4096K, 12 young (49152K), 2 survivors (8192K)
 Metaspace       used 20876K, committed 21376K, reserved 1114112K
  class space    used 2918K, committed 3136K, reserved 1048576K
}
Event: 1.566 GC heap after
{Heap after GC invocations=5 (full 0):
 garbage-first heap   total reserved 6217728K, committed 69632K, used 13695K [0x0000000684800000, 0x0000000800000000)
  region size 4096K, 3 young (12288K), 3 survivors (12288K)
 Metaspace       used 20876K, committed 21376K, reserved 1114112K
  class space    used 2918K, committed 3136K, reserved 1048576K
}
Event: 1.843 GC heap before
{Heap before GC invocations=5 (full 0):
 garbage-first heap   total reserved 6217728K, committed 69632K, used 42367K [0x0000000684800000, 0x0000000800000000)
  region size 4096K, 10 young (40960K), 3 survivors (12288K)
 Metaspace       used 24822K, committed 25344K, reserved 1114112K
  class space    used 3474K, committed 3712K, reserved 1048576K
}
Event: 1.849 GC heap after
{Heap after GC invocations=6 (full 0):
 garbage-first heap   total reserved 6217728K, committed 69632K, used 16077K [0x0000000684800000, 0x0000000800000000)
  region size 4096K, 2 young (8192K), 2 survivors (8192K)
 Metaspace       used 24822K, committed 25344K, reserved 1114112K
  class space    used 3474K, committed 3712K, reserved 1048576K
}
Event: 2.147 GC heap before
{Heap before GC invocations=6 (full 0):
 garbage-first heap   total reserved 6217728K, committed 69632K, used 24269K [0x0000000684800000, 0x0000000800000000)
  region size 4096K, 5 young (20480K), 2 survivors (8192K)
 Metaspace       used 28379K, committed 28928K, reserved 1114112K
  class space    used 3916K, committed 4160K, reserved 1048576K
}
Event: 2.150 GC heap after
{Heap after GC invocations=7 (full 0):
 garbage-first heap   total reserved 6217728K, committed 229376K, used 17185K [0x0000000684800000, 0x0000000800000000)
  region size 4096K, 1 young (4096K), 1 survivors (4096K)
 Metaspace       used 28379K, committed 28928K, reserved 1114112K
  class space    used 3916K, committed 4160K, reserved 1048576K
}
Event: 2.741 GC heap before
{Heap before GC invocations=8 (full 0):
 garbage-first heap   total reserved 6217728K, committed 69632K, used 66337K [0x0000000684800000, 0x0000000800000000)
  region size 4096K, 13 young (53248K), 1 survivors (4096K)
 Metaspace       used 35697K, committed 36480K, reserved 1114112K
  class space    used 4820K, committed 5184K, reserved 1048576K
}
Event: 2.746 GC heap after
{Heap after GC invocations=9 (full 0):
 garbage-first heap   total reserved 6217728K, committed 77824K, used 21054K [0x0000000684800000, 0x0000000800000000)
  region size 4096K, 2 young (8192K), 2 survivors (8192K)
 Metaspace       used 35697K, committed 36480K, reserved 1114112K
  class space    used 4820K, committed 5184K, reserved 1048576K
}
Event: 3.127 GC heap before
{Heap before GC invocations=9 (full 0):
 garbage-first heap   total reserved 6217728K, committed 77824K, used 57918K [0x0000000684800000, 0x0000000800000000)
  region size 4096K, 11 young (45056K), 2 survivors (8192K)
 Metaspace       used 39314K, committed 40128K, reserved 1114112K
  class space    used 5342K, committed 5696K, reserved 1048576K
}
Event: 3.132 GC heap after
{Heap after GC invocations=10 (full 0):
 garbage-first heap   total reserved 6217728K, committed 77824K, used 22479K [0x0000000684800000, 0x0000000800000000)
  region size 4096K, 2 young (8192K), 2 survivors (8192K)
 Metaspace       used 39314K, committed 40128K, reserved 1114112K
  class space    used 5342K, committed 5696K, reserved 1048576K
}
Event: 41.042 GC heap before
{Heap before GC invocations=10 (full 0):
 garbage-first heap   total reserved 6217728K, committed 77824K, used 51151K [0x0000000684800000, 0x0000000800000000)
  region size 4096K, 11 young (45056K), 2 survivors (8192K)
 Metaspace       used 47372K, committed 48320K, reserved 1114112K
  class space    used 6519K, committed 6976K, reserved 1048576K
}
Event: 41.047 GC heap after
{Heap after GC invocations=11 (full 0):
 garbage-first heap   total reserved 6217728K, committed 77824K, used 25709K [0x0000000684800000, 0x0000000800000000)
  region size 4096K, 2 young (8192K), 2 survivors (8192K)
 Metaspace       used 47372K, committed 48320K, reserved 1114112K
  class space    used 6519K, committed 6976K, reserved 1048576K
}

